<?xml version="1.0" encoding="UTF-8"?>
<coverage generated="1590284606522" clover="3.2.0">
  <project timestamp="1590284606522" name="All files">
    <metrics statements="18" coveredstatements="15" conditionals="6" coveredconditionals="2" methods="6" coveredmethods="3" elements="30" coveredelements="20" complexity="0" loc="18" ncloc="18" packages="1" files="1" classes="1"/>
    <file name="GatewayModemSMS.ts" path="/home/carlos/Workspace/js/sms-modem-gateway/src/GatewayModemSMS.ts">
      <metrics statements="18" coveredstatements="15" conditionals="6" coveredconditionals="2" methods="6" coveredmethods="3"/>
      <line num="2" count="1" type="stmt"/>
      <line num="3" count="1" type="stmt"/>
      <line num="4" count="1" type="stmt"/>
      <line num="13" count="1" type="cond" truecount="2" falsecount="0"/>
      <line num="14" count="1" type="stmt"/>
      <line num="15" count="1" type="stmt"/>
      <line num="16" count="1" type="stmt"/>
      <line num="17" count="1" type="stmt"/>
      <line num="20" count="1" type="stmt"/>
      <line num="21" count="1" type="stmt"/>
      <line num="22" count="1" type="stmt"/>
      <line num="23" count="1" type="stmt"/>
      <line num="28" count="1" type="stmt"/>
      <line num="29" count="0" type="cond" truecount="0" falsecount="2"/>
      <line num="30" count="0" type="cond" truecount="0" falsecount="2"/>
      <line num="33" count="1" type="stmt"/>
      <line num="34" count="0" type="stmt"/>
      <line num="36" count="1" type="stmt"/>
    </file>
  </project>
</coverage>
