{"/home/carlos/Workspace/js/sms-modem-gateway/src/GatewayModemSMS.ts": {"path":"/home/carlos/Workspace/js/sms-modem-gateway/src/GatewayModemSMS.ts","statementMap":{"0":{"start":{"line":2,"column":0},"end":{"line":2,"column":23}},"1":{"start":{"line":3,"column":0},"end":{"line":3,"column":38}},"2":{"start":{"line":4,"column":13},"end":{"line":4,"column":39}},"3":{"start":{"line":13,"column":0},"end":{"line":13,"column":null}},"4":{"start":{"line":14,"column":6},"end":{"line":14,"column":null}},"5":{"start":{"line":15,"column":6},"end":{"line":15,"column":null}},"6":{"start":{"line":16,"column":6},"end":{"line":16,"column":null}},"7":{"start":{"line":17,"column":6},"end":{"line":17,"column":null}},"8":{"start":{"line":20,"column":0},"end":{"line":20,"column":13}},"9":{"start":{"line":21,"column":9},"end":{"line":26,"column":null}},"10":{"start":{"line":22,"column":20},"end":{"line":22,"column":69}},"11":{"start":{"line":23,"column":4},"end":{"line":25,"column":null}},"12":{"start":{"line":28,"column":10},"end":{"line":31,"column":null}},"13":{"start":{"line":29,"column":31},"end":{"line":29,"column":43}},"14":{"start":{"line":29,"column":18},"end":{"line":29,"column":20}},"15":{"start":{"line":29,"column":26},"end":{"line":29,"column":31}},"16":{"start":{"line":30,"column":4},"end":{"line":30,"column":null}},"17":{"start":{"line":33,"column":10},"end":{"line":35,"column":null}},"18":{"start":{"line":34,"column":4},"end":{"line":34,"column":null}},"19":{"start":{"line":34,"column":42},"end":{"line":34,"column":44}},"20":{"start":{"line":34,"column":49},"end":{"line":34,"column":50}},"21":{"start":{"line":34,"column":55},"end":{"line":34,"column":83}},"22":{"start":{"line":36,"column":0},"end":{"line":36,"column":null}},"23":{"start":{"line":20,"column":13},"end":{"line":20,"column":28}}},"fnMap":{"0":{"name":"(anonymous_7)","decl":{"start":{"line":13,"column":0},"end":{"line":13,"column":12}},"loc":{"start":{"line":13,"column":18},"end":{"line":18,"column":1}}},"1":{"name":"(anonymous_8)","decl":{"start":{"line":20,"column":0},"end":{"line":20,"column":13}},"loc":{"start":{"line":20,"column":0},"end":{"line":36,"column":null}}},"2":{"name":"(anonymous_10)","decl":{"start":{"line":21,"column":2},"end":{"line":21,"column":9}},"loc":{"start":{"line":21,"column":51},"end":{"line":26,"column":3}}},"3":{"name":"(anonymous_11)","decl":{"start":{"line":28,"column":2},"end":{"line":28,"column":10}},"loc":{"start":{"line":28,"column":32},"end":{"line":31,"column":3}}},"4":{"name":"(anonymous_12)","decl":{"start":{"line":33,"column":2},"end":{"line":33,"column":10}},"loc":{"start":{"line":33,"column":45},"end":{"line":35,"column":3}}},"5":{"name":"(anonymous_13)","decl":{"start":{"line":34,"column":39},"end":{"line":34,"column":40}},"loc":{"start":{"line":34,"column":50},"end":{"line":34,"column":62}}}},"branchMap":{"0":{"loc":{"start":{"line":13,"column":12},"end":{"line":13,"column":18}},"type":"binary-expr","locations":[{"start":{"line":13,"column":12},"end":{"line":13,"column":18}},{"start":{"line":13,"column":12},"end":{"line":13,"column":null}}]},"1":{"loc":{"start":{"line":29,"column":31},"end":{"line":29,"column":37}},"type":"binary-expr","locations":[{"start":{"line":29,"column":31},"end":{"line":29,"column":37}},{"start":{"line":29,"column":41},"end":{"line":29,"column":43}}]},"2":{"loc":{"start":{"line":30,"column":20},"end":{"line":30,"column":42}},"type":"cond-expr","locations":[{"start":{"line":30,"column":20},"end":{"line":30,"column":42}},{"start":{"line":30,"column":45},"end":{"line":30,"column":67}}]}},"s":{"0":1,"1":1,"2":1,"3":1,"4":1,"5":1,"6":1,"7":1,"8":1,"9":1,"10":1,"11":1,"12":1,"13":0,"14":0,"15":0,"16":0,"17":1,"18":0,"19":0,"20":0,"21":0,"22":1,"23":1},"f":{"0":1,"1":2,"2":1,"3":0,"4":0,"5":0},"b":{"0":[1,1],"1":[0,0],"2":[0,0]}}
}
