TN:
SF:src/GatewayModemSMS.ts
FN:13,(anonymous_7)
FN:20,(anonymous_8)
FN:21,(anonymous_10)
FN:28,(anonymous_11)
FN:33,(anonymous_12)
FN:34,(anonymous_13)
FNF:6
FNH:3
FNDA:1,(anonymous_7)
FNDA:2,(anonymous_8)
FNDA:1,(anonymous_10)
FNDA:0,(anonymous_11)
FNDA:0,(anonymous_12)
FNDA:0,(anonymous_13)
DA:2,1
DA:3,1
DA:4,1
DA:13,1
DA:14,1
DA:15,1
DA:16,1
DA:17,1
DA:20,1
DA:21,1
DA:22,1
DA:23,1
DA:28,1
DA:29,0
DA:30,0
DA:33,1
DA:34,0
DA:36,1
LF:18
LH:15
BRDA:13,0,0,1
BRDA:13,0,1,1
BRDA:29,1,0,0
BRDA:29,1,1,0
BRDA:30,2,0,0
BRDA:30,2,1,0
BRF:6
BRH:2
end_of_record
